<?xml version="1.0" encoding="UTF-8"?>
<testsuite xmlns:xsi="http://www.w3.org/2001/XMLSchema-instance" xsi:noNamespaceSchemaLocation="https://maven.apache.org/surefire/maven-surefire-plugin/xsd/surefire-test-report-3.0.xsd" version="3.0" name="com.example.AppTest" time="104.71" tests="4" errors="0" skipped="0" failures="0">
  <properties>
[...]
</properties>
  <testcase name="searchKpop" classname="com.example.AppTest" time="10.846">
    <system-out><![CDATA[2025-01-29 22:06:24 [main] INFO  com.example.AppTest - Starting test setup...
2025-01-29 22:06:32 [main] INFO  com.example.AppTest - Opening Google...
2025-01-29 22:06:36 [main] INFO  com.example.AppTest - Searching for 'kpop'...
2025-01-29 22:06:43 [main] INFO  com.example.AppTest - Checking search results...
2025-01-29 22:06:43 [main] INFO  com.example.AppTest - Screenshot captured: /Users/nesstq/Developer/qa/Assignment5TestNG/screenshots/searchKpopSuccess.png
]]></system-out>
    <system-err><![CDATA[SLF4J: Failed to load class "org.slf4j.impl.StaticLoggerBinder".
SLF4J: Defaulting to no-operation (NOP) logger implementation
SLF4J: See http://www.slf4j.org/codes.html#StaticLoggerBinder for further details.
Jan 29, 2025 10:06:32 PM org.openqa.selenium.devtools.CdpVersionFinder findNearestMatch
WARNING: Unable to find CDP implementation matching 132
Jan 29, 2025 10:06:32 PM org.openqa.selenium.chromium.ChromiumDriver lambda$new$5
WARNING: Unable to find version of CDP to use for 132.0.6834.112. You may need to include a dependency on a specific version of the CDP using something similar to `org.seleniumhq.selenium:selenium-devtools-v86:4.15.0` where the version ("v86") matches the version of the chromium-based browser you're using and the version number of the artifact is the same as Selenium's.
]]></system-err>
  </testcase>
  <testcase name="searchKpopFail" classname="com.example.AppTest" time="8.439">
    <system-out><![CDATA[2025-01-29 22:06:43 [main] INFO  com.example.AppTest - Opening Wiki...
2025-01-29 22:06:45 [main] INFO  com.example.AppTest - Searching for 'mozart'...
2025-01-29 22:06:51 [main] INFO  com.example.AppTest - Checking search results...
2025-01-29 22:06:52 [main] INFO  com.example.AppTest - Screenshot captured: /Users/nesstq/Developer/qa/Assignment5TestNG/screenshots/searchKpopFail.png
]]></system-out>
  </testcase>
  <testcase name="loginTest" classname="com.example.AppTest" time="46.459">
    <system-out><![CDATA[2025-01-29 22:06:52 [main] INFO  com.example.AppTest - Opening login page...
2025-01-29 22:07:28 [main] INFO  com.example.AppTest - Entering username...
2025-01-29 22:07:30 [main] INFO  com.example.AppTest - Entering password...
2025-01-29 22:07:32 [main] INFO  com.example.AppTest - Clicking sign in button...
2025-01-29 22:07:37 [main] INFO  com.example.AppTest - Checking login success...
2025-01-29 22:07:38 [main] INFO  com.example.AppTest - Screenshot captured: /Users/nesstq/Developer/qa/Assignment5TestNG/screenshots/loginTestSuccess.png
]]></system-out>
  </testcase>
  <testcase name="loginTestFail" classname="com.example.AppTest" time="30.337">
    <system-out><![CDATA[2025-01-29 22:07:38 [main] INFO  com.example.AppTest - Opening login page...
2025-01-29 22:07:59 [main] INFO  com.example.AppTest - Entering username...
2025-01-29 22:08:01 [main] INFO  com.example.AppTest - Entering password...
2025-01-29 22:08:03 [main] INFO  com.example.AppTest - Clicking sign in button...
2025-01-29 22:08:08 [main] INFO  com.example.AppTest - Checking login success...
2025-01-29 22:08:08 [main] INFO  com.example.AppTest - Screenshot captured: /Users/nesstq/Developer/qa/Assignment5TestNG/screenshots/loginTestFail.png
]]></system-out>
  </testcase>
</testsuite>