<?xml version="1.0" encoding="UTF-8"?>
<testng-results ignored="0" total="4" passed="4" failed="0" skipped="0">
  <reporter-output>
  </reporter-output>
  <suite started-at="2025-01-29T22:06:24 GMT+05:00" name="Surefire suite" finished-at="2025-01-29T22:08:09 GMT+05:00" duration-ms="104188">
    <groups>
    </groups>
    <test started-at="2025-01-29T22:06:24 GMT+05:00" name="Surefire test" finished-at="2025-01-29T22:08:09 GMT+05:00" duration-ms="104188">
      <class name="com.example.AppTest">
        <test-method is-config="true" signature="setupReport()[pri:0, instance:com.example.AppTest@63dd899]" started-at="2025-01-29T22:06:24 GMT+05:00" name="setupReport" finished-at="2025-01-29T22:06:24 GMT+05:00" duration-ms="74" status="PASS">
          <reporter-output>
          </reporter-output>
        </test-method> <!-- setupReport -->
        <test-method is-config="true" signature="setup()[pri:0, instance:com.example.AppTest@63dd899]" started-at="2025-01-29T22:06:24 GMT+05:00" name="setup" finished-at="2025-01-29T22:06:32 GMT+05:00" duration-ms="7842" status="PASS">
          <reporter-output>
          </reporter-output>
        </test-method> <!-- setup -->
        <test-method signature="searchKpop()[pri:1, instance:com.example.AppTest@63dd899]" started-at="2025-01-29T22:06:32 GMT+05:00" name="searchKpop" finished-at="2025-01-29T22:06:43 GMT+05:00" duration-ms="10845" status="PASS">
          <reporter-output>
          </reporter-output>
        </test-method> <!-- searchKpop -->
        <test-method signature="searchKpopFail()[pri:2, instance:com.example.AppTest@63dd899]" started-at="2025-01-29T22:06:43 GMT+05:00" name="searchKpopFail" finished-at="2025-01-29T22:06:52 GMT+05:00" duration-ms="8442" status="PASS">
          <reporter-output>
          </reporter-output>
        </test-method> <!-- searchKpopFail -->
        <test-method signature="loginTest()[pri:3, instance:com.example.AppTest@63dd899]" started-at="2025-01-29T22:06:52 GMT+05:00" name="loginTest" finished-at="2025-01-29T22:07:38 GMT+05:00" duration-ms="46458" status="PASS">
          <reporter-output>
          </reporter-output>
        </test-method> <!-- loginTest -->
        <test-method signature="loginTestFail()[pri:4, instance:com.example.AppTest@63dd899]" started-at="2025-01-29T22:07:38 GMT+05:00" name="loginTestFail" finished-at="2025-01-29T22:08:08 GMT+05:00" duration-ms="30336" status="PASS">
          <reporter-output>
          </reporter-output>
        </test-method> <!-- loginTestFail -->
        <test-method is-config="true" signature="teardown()[pri:0, instance:com.example.AppTest@63dd899]" started-at="2025-01-29T22:08:08 GMT+05:00" name="teardown" finished-at="2025-01-29T22:08:09 GMT+05:00" duration-ms="250" status="PASS">
          <reporter-output>
          </reporter-output>
        </test-method> <!-- teardown -->
      </class> <!-- com.example.AppTest -->
    </test> <!-- Surefire test -->
  </suite> <!-- Surefire suite -->
</testng-results>
