<?xml version="1.0" encoding="UTF-8"?>
<testng-results ignored="0" total="2" passed="2" failed="0" skipped="0">
  <reporter-output>
  </reporter-output>
  <suite started-at="2025-02-01T16:16:58 GMT+05:00" name="Surefire suite" finished-at="2025-02-01T16:17:00 GMT+05:00" duration-ms="1798">
    <groups>
    </groups>
    <test started-at="2025-02-01T16:16:58 GMT+05:00" name="Surefire test" finished-at="2025-02-01T16:17:00 GMT+05:00" duration-ms="1798">
      <class name="com.example.tests.ApiTest">
        <test-method signature="testGetWeatherByCoordinates()[pri:0, instance:com.example.tests.ApiTest@1f3f4916]" started-at="2025-02-01T16:16:58 GMT+05:00" name="testGetWeatherByCoordinates" finished-at="2025-02-01T16:16:59 GMT+05:00" duration-ms="1486" status="PASS">
          <reporter-output>
          </reporter-output>
        </test-method> <!-- testGetWeatherByCoordinates -->
        <test-method signature="testInvalidCoordinates()[pri:0, instance:com.example.tests.ApiTest@1f3f4916]" started-at="2025-02-01T16:16:59 GMT+05:00" name="testInvalidCoordinates" finished-at="2025-02-01T16:17:00 GMT+05:00" duration-ms="290" status="PASS">
          <reporter-output>
          </reporter-output>
        </test-method> <!-- testInvalidCoordinates -->
      </class> <!-- com.example.tests.ApiTest -->
    </test> <!-- Surefire test -->
  </suite> <!-- Surefire suite -->
</testng-results>
