<?xml version="1.0" encoding="UTF-8"?>
<testsuite xmlns:xsi="http://www.w3.org/2001/XMLSchema-instance" xsi:noNamespaceSchemaLocation="https://maven.apache.org/surefire/maven-surefire-plugin/xsd/surefire-test-report-3.0.xsd" version="3.0" name="TestSuite" time="69.45" tests="7" errors="0" skipped="0" failures="0">
  <properties>
[...]
</properties>
  <testcase name="runCucumberTests" classname="com.example.tests.TestRunner" time="0.001">
    <system-err><![CDATA[SLF4J: Failed to load class "org.slf4j.impl.StaticLoggerBinder".
SLF4J: Defaulting to no-operation (NOP) logger implementation
SLF4J: See http://www.slf4j.org/codes.html#StaticLoggerBinder for further details.
]]></system-err>
  </testcase>
  <testcase name="runScenario[&quot;Successful login&quot;, &quot;User Login&quot;](1)" classname="com.example.tests.TestRunner" time="11.065">
    <system-out><![CDATA[
Scenario: Successful login                            # src/test/resources/features/login.feature:3
  Given the user navigates to the login page          # com.example.steps.LoginSteps.theUserNavigatesToTheLoginPage()
  When the user enters valid credentials              # com.example.steps.LoginSteps.theUserEntersValidCredentials()
  Then the user should be redirected to the home page # com.example.steps.LoginSteps.theUserShouldBeRedirectedToTheHomePage()
]]></system-out>
    <system-err><![CDATA[Feb 01, 2025 4:09:24 PM org.openqa.selenium.devtools.CdpVersionFinder findNearestMatch
WARNING: Unable to find CDP implementation matching 132
Feb 01, 2025 4:09:24 PM org.openqa.selenium.chromium.ChromiumDriver lambda$new$5
WARNING: Unable to find version of CDP to use for 132.0.6834.160. You may need to include a dependency on a specific version of the CDP using something similar to `org.seleniumhq.selenium:selenium-devtools-v86:4.12.0` where the version ("v86") matches the version of the chromium-based browser you're using and the version number of the artifact is the same as Selenium's.
]]></system-err>
  </testcase>
  <testcase name="runScenario[&quot;Unsuccessful login&quot;, &quot;User Login&quot;](2)" classname="com.example.tests.TestRunner" time="15.259">
    <system-out><![CDATA[
Scenario: Unsuccessful login                                         # src/test/resources/features/login.feature:8
  Given the user navigates to the login page for invalid credentials # com.example.steps.LoginSteps.theUserNavigatesToTheLoginPageFail()
  When the user enters invalid credentials                           # com.example.steps.LoginSteps.theUserEntersInvalidCredentials()
  Then the user should see an error message                          # com.example.steps.LoginSteps.theUserShouldSeeAnErrorMessage()
]]></system-out>
    <system-err><![CDATA[Feb 01, 2025 4:09:34 PM org.openqa.selenium.devtools.CdpVersionFinder findNearestMatch
WARNING: Unable to find CDP implementation matching 132
Feb 01, 2025 4:09:34 PM org.openqa.selenium.chromium.ChromiumDriver lambda$new$5
WARNING: Unable to find version of CDP to use for 132.0.6834.160. You may need to include a dependency on a specific version of the CDP using something similar to `org.seleniumhq.selenium:selenium-devtools-v86:4.12.0` where the version ("v86") matches the version of the chromium-based browser you're using and the version number of the artifact is the same as Selenium's.
]]></system-err>
  </testcase>
  <testcase name="testGetWeatherByCoordinates" classname="com.example.tests.ApiTest" time="1.311">
    <system-out><![CDATA[Response: {"coord":{"lon":71.4272,"lat":51.1655},"weather":[{"id":600,"main":"Snow","description":"light snow","icon":"13d"}],"base":"stations","main":{"temp":266.14,"feels_like":259.14,"temp_min":266.14,"temp_max":266.14,"pressure":1029,"humidity":93,"sea_level":1029,"grnd_level":984},"visibility":2400,"wind":{"speed":11,"deg":220},"snow":{"1h":0.35},"clouds":{"all":100},"dt":1738408190,"sys":{"type":1,"id":8820,"country":"KZ","sunrise":1738378304,"sunset":1738411433},"timezone":18000,"id":1526273,"name":"Nur-Sultan","cod":200}
]]></system-out>
  </testcase>
  <testcase name="testInvalidCoordinates" classname="com.example.tests.ApiTest" time="0.296">
    <system-out><![CDATA[Response: {"cod":"400","message":"wrong latitude"}
]]></system-out>
  </testcase>
  <testcase name="loginTest" classname="com.example.tests.SauceLabsTest" time="13.995">
    <system-out><![CDATA[SauceLabs Username: oauth-c8llect8r-19a88
SauceLabs Access Key: e303626e-98f4-47d5-91a4-ac0309c5e2ec
]]></system-out>
    <system-err><![CDATA[Feb 01, 2025 4:09:50 PM org.openqa.selenium.remote.tracing.opentelemetry.OpenTelemetryTracer createTracer
INFO: Using OpenTelemetry for tracing
]]></system-err>
  </testcase>
  <testcase name="loginTestFail" classname="com.example.tests.SauceLabsTest" time="19.694"/>
</testsuite>