<?xml version="1.0" encoding="UTF-8"?>
<testng-results ignored="0" total="2" passed="2" failed="0" skipped="0">
  <reporter-output>
  </reporter-output>
  <suite started-at="2025-01-31T21:24:59 GMT+05:00" name="Surefire suite" finished-at="2025-01-31T21:25:40 GMT+05:00" duration-ms="41371">
    <groups>
    </groups>
    <test started-at="2025-01-31T21:24:59 GMT+05:00" name="Surefire test" finished-at="2025-01-31T21:25:40 GMT+05:00" duration-ms="41371">
      <class name="com.example.tests.SauceLabsTest">
        <test-method is-config="true" signature="setupCredentials()[pri:0, instance:com.example.tests.SauceLabsTest@4386f16]" started-at="2025-01-31T21:24:59 GMT+05:00" name="setupCredentials" finished-at="2025-01-31T21:24:59 GMT+05:00" duration-ms="460" status="PASS">
          <reporter-output>
          </reporter-output>
        </test-method> <!-- setupCredentials -->
        <test-method is-config="true" signature="setUp()[pri:0, instance:com.example.tests.SauceLabsTest@4386f16]" started-at="2025-01-31T21:24:59 GMT+05:00" name="setUp" finished-at="2025-01-31T21:25:06 GMT+05:00" duration-ms="7022" status="PASS">
          <reporter-output>
          </reporter-output>
        </test-method> <!-- setUp -->
        <test-method signature="loginTest()[pri:1, instance:com.example.tests.SauceLabsTest@4386f16]" started-at="2025-01-31T21:25:06 GMT+05:00" name="loginTest" finished-at="2025-01-31T21:25:20 GMT+05:00" duration-ms="13801" status="PASS">
          <reporter-output>
          </reporter-output>
        </test-method> <!-- loginTest -->
        <test-method signature="loginTestFail()[pri:2, instance:com.example.tests.SauceLabsTest@4386f16]" started-at="2025-01-31T21:25:20 GMT+05:00" name="loginTestFail" finished-at="2025-01-31T21:25:40 GMT+05:00" duration-ms="19870" status="PASS">
          <reporter-output>
          </reporter-output>
        </test-method> <!-- loginTestFail -->
        <test-method is-config="true" signature="tearDown()[pri:0, instance:com.example.tests.SauceLabsTest@4386f16]" started-at="2025-01-31T21:25:40 GMT+05:00" name="tearDown" finished-at="2025-01-31T21:25:40 GMT+05:00" duration-ms="201" status="PASS">
          <reporter-output>
          </reporter-output>
        </test-method> <!-- tearDown -->
      </class> <!-- com.example.tests.SauceLabsTest -->
    </test> <!-- Surefire test -->
  </suite> <!-- Surefire suite -->
</testng-results>
