<?xml version="1.0" encoding="UTF-8"?>
<!-- Generated by org.testng.reporters.JUnitXMLReporter -->
<testsuite ignored="0" hostname="kaeinq.local" failures="0" tests="4" name="Surefire test" time="104.188" errors="0" timestamp="2025-01-29T22:08:09 GMT+05:00">
  <testcase classname="com.example.AppTest" name="searchKpop" time="10.845"/>
  <testcase classname="com.example.AppTest" name="searchKpopFail" time="8.442"/>
  <testcase classname="com.example.AppTest" name="loginTest" time="46.458"/>
  <testcase classname="com.example.AppTest" name="loginTestFail" time="30.336"/>
</testsuite> <!-- Surefire test -->
